2020-08-12 13:22:54
train_data_length:4567,batch_size:128,steps in each epoch:35
dev_data_length:508

epoch:1/50
start evaluate model...
class_name: company, precision: 0.2222, recall: 0.0120, f1: 0.0227
class_name: position, precision: 0.6450, recall: 0.2176, f1: 0.3254
class_name: detail, precision: 0.7596, recall: 0.6220, f1: 0.6840
saved model_0.pkl successful...
aver_loss: 0.1591, f1: 0.3440, best_f1: 0.3440, best_epoch: 0 

epoch:2/50
start evaluate model...
class_name: company, precision: 0.9505, recall: 0.6128, f1: 0.7451
class_name: position, precision: 0.8029, recall: 0.3333, f1: 0.4711
class_name: detail, precision: 0.8378, recall: 0.7421, f1: 0.7871
saved model_1.pkl successful...
aver_loss: 0.0200, f1: 0.6678, best_f1: 0.6678, best_epoch: 1 

epoch:3/50
start evaluate model...
class_name: company, precision: 0.9355, recall: 0.6946, f1: 0.7973
class_name: position, precision: 0.8090, recall: 0.6088, f1: 0.6948
class_name: detail, precision: 0.8553, recall: 0.7913, f1: 0.8221
saved model_2.pkl successful...
aver_loss: 0.0131, f1: 0.7714, best_f1: 0.7714, best_epoch: 2 

epoch:4/50
start evaluate model...
class_name: company, precision: 0.9386, recall: 0.7325, f1: 0.8229
class_name: position, precision: 0.8278, recall: 0.6906, f1: 0.7530
class_name: detail, precision: 0.8672, recall: 0.8228, f1: 0.8444
saved model_3.pkl successful...
aver_loss: 0.0102, f1: 0.8068, best_f1: 0.8068, best_epoch: 3 

epoch:5/50
start evaluate model...
class_name: company, precision: 0.9349, recall: 0.7745, f1: 0.8472
class_name: position, precision: 0.8207, recall: 0.7585, f1: 0.7884
class_name: detail, precision: 0.8880, recall: 0.8425, f1: 0.8646
saved model_4.pkl successful...
aver_loss: 0.0084, f1: 0.8334, best_f1: 0.8334, best_epoch: 4 

epoch:6/50
start evaluate model...
class_name: company, precision: 0.9406, recall: 0.7904, f1: 0.8590
class_name: position, precision: 0.8099, recall: 0.7824, f1: 0.7959
class_name: detail, precision: 0.9012, recall: 0.8622, f1: 0.8813
saved model_5.pkl successful...
aver_loss: 0.0072, f1: 0.8454, best_f1: 0.8454, best_epoch: 5 

epoch:7/50
start evaluate model...
class_name: company, precision: 0.9481, recall: 0.8024, f1: 0.8692
class_name: position, precision: 0.8110, recall: 0.8224, f1: 0.8167
class_name: detail, precision: 0.9037, recall: 0.8681, f1: 0.8855
saved model_6.pkl successful...
aver_loss: 0.0063, f1: 0.8571, best_f1: 0.8571, best_epoch: 6 

epoch:8/50
start evaluate model...
class_name: company, precision: 0.9535, recall: 0.8184, f1: 0.8808
class_name: position, precision: 0.8089, recall: 0.8363, f1: 0.8224
class_name: detail, precision: 0.9098, recall: 0.8740, f1: 0.8916
saved model_7.pkl successful...
aver_loss: 0.0055, f1: 0.8649, best_f1: 0.8649, best_epoch: 7 

epoch:9/50
start evaluate model...
class_name: company, precision: 0.9487, recall: 0.8483, f1: 0.8957
class_name: position, precision: 0.8113, recall: 0.8583, f1: 0.8341
class_name: detail, precision: 0.9221, recall: 0.8858, f1: 0.9036
saved model_8.pkl successful...
aver_loss: 0.0049, f1: 0.8778, best_f1: 0.8778, best_epoch: 8 

epoch:10/50
start evaluate model...
class_name: company, precision: 0.9561, recall: 0.8703, f1: 0.9112
class_name: position, precision: 0.8153, recall: 0.8723, f1: 0.8428
class_name: detail, precision: 0.9354, recall: 0.9114, f1: 0.9232
saved model_9.pkl successful...
aver_loss: 0.0044, f1: 0.8924, best_f1: 0.8924, best_epoch: 9 

epoch:11/50
start evaluate model...
class_name: company, precision: 0.9649, recall: 0.8782, f1: 0.9195
class_name: position, precision: 0.8022, recall: 0.8822, f1: 0.8403
class_name: detail, precision: 0.9396, recall: 0.9193, f1: 0.9294
saved model_10.pkl successful...
aver_loss: 0.0040, f1: 0.8964, best_f1: 0.8964, best_epoch: 10 

epoch:12/50
start evaluate model...
class_name: company, precision: 0.9634, recall: 0.8922, f1: 0.9264
class_name: position, precision: 0.7982, recall: 0.8922, f1: 0.8426
class_name: detail, precision: 0.9456, recall: 0.9232, f1: 0.9343
saved model_11.pkl successful...
aver_loss: 0.0037, f1: 0.9011, best_f1: 0.9011, best_epoch: 11 

epoch:13/50
start evaluate model...
class_name: company, precision: 0.9619, recall: 0.9062, f1: 0.9332
class_name: position, precision: 0.8079, recall: 0.8982, f1: 0.8507
class_name: detail, precision: 0.9502, recall: 0.9390, f1: 0.9446
saved model_12.pkl successful...
aver_loss: 0.0034, f1: 0.9095, best_f1: 0.9095, best_epoch: 12 

epoch:14/50
start evaluate model...
class_name: company, precision: 0.9501, recall: 0.9122, f1: 0.9308
class_name: position, precision: 0.8082, recall: 0.9082, f1: 0.8553
class_name: detail, precision: 0.9396, recall: 0.9488, f1: 0.9442
saved model_13.pkl successful...
aver_loss: 0.0032, f1: 0.9101, best_f1: 0.9101, best_epoch: 13 

epoch:15/50
start evaluate model...
class_name: company, precision: 0.9545, recall: 0.9222, f1: 0.9381
class_name: position, precision: 0.8102, recall: 0.9202, f1: 0.8617
class_name: detail, precision: 0.9419, recall: 0.9567, f1: 0.9492
saved model_14.pkl successful...
aver_loss: 0.0030, f1: 0.9163, best_f1: 0.9163, best_epoch: 14 

epoch:16/50
start evaluate model...
class_name: company, precision: 0.9546, recall: 0.9242, f1: 0.9391
class_name: position, precision: 0.8120, recall: 0.9222, f1: 0.8636
class_name: detail, precision: 0.9461, recall: 0.9665, f1: 0.9562
saved model_15.pkl successful...
aver_loss: 0.0028, f1: 0.9196, best_f1: 0.9196, best_epoch: 15 

epoch:17/50
start evaluate model...
class_name: company, precision: 0.9624, recall: 0.9202, f1: 0.9408
class_name: position, precision: 0.8137, recall: 0.9242, f1: 0.8654
class_name: detail, precision: 0.9462, recall: 0.9685, f1: 0.9572
saved model_16.pkl successful...
aver_loss: 0.0026, f1: 0.9211, best_f1: 0.9211, best_epoch: 16 

epoch:18/50
start evaluate model...
class_name: company, precision: 0.9547, recall: 0.9261, f1: 0.9402
class_name: position, precision: 0.8125, recall: 0.9341, f1: 0.8691
class_name: detail, precision: 0.9369, recall: 0.9646, f1: 0.9505
aver_loss: 0.0025, f1: 0.9199, best_f1: 0.9211, best_epoch: 16 

epoch:19/50
start evaluate model...
class_name: company, precision: 0.9588, recall: 0.9281, f1: 0.9432
class_name: position, precision: 0.8149, recall: 0.9401, f1: 0.8730
class_name: detail, precision: 0.9408, recall: 0.9705, f1: 0.9554
saved model_18.pkl successful...
aver_loss: 0.0024, f1: 0.9239, best_f1: 0.9239, best_epoch: 18 

epoch:20/50
start evaluate model...
class_name: company, precision: 0.9648, recall: 0.9301, f1: 0.9472
class_name: position, precision: 0.8135, recall: 0.9401, f1: 0.8722
class_name: detail, precision: 0.9393, recall: 0.9744, f1: 0.9565
saved model_19.pkl successful...
aver_loss: 0.0022, f1: 0.9253, best_f1: 0.9253, best_epoch: 19 

epoch:21/50
start evaluate model...
class_name: company, precision: 0.9688, recall: 0.9301, f1: 0.9491
class_name: position, precision: 0.8180, recall: 0.9421, f1: 0.8757
class_name: detail, precision: 0.9466, recall: 0.9764, f1: 0.9612
saved model_20.pkl successful...
aver_loss: 0.0021, f1: 0.9287, best_f1: 0.9287, best_epoch: 20 

epoch:22/50
start evaluate model...
class_name: company, precision: 0.9647, recall: 0.9261, f1: 0.9450
class_name: position, precision: 0.8110, recall: 0.9421, f1: 0.8717
class_name: detail, precision: 0.9412, recall: 0.9764, f1: 0.9585
aver_loss: 0.0020, f1: 0.9250, best_f1: 0.9287, best_epoch: 20 

epoch:23/50
start evaluate model...
class_name: company, precision: 0.9634, recall: 0.9461, f1: 0.9547
class_name: position, precision: 0.8252, recall: 0.9421, f1: 0.8798
class_name: detail, precision: 0.9431, recall: 0.9783, f1: 0.9604
saved model_22.pkl successful...
aver_loss: 0.0019, f1: 0.9316, best_f1: 0.9316, best_epoch: 22 

epoch:24/50
start evaluate model...
class_name: company, precision: 0.9674, recall: 0.9481, f1: 0.9577
class_name: position, precision: 0.8252, recall: 0.9421, f1: 0.8798
class_name: detail, precision: 0.9414, recall: 0.9803, f1: 0.9605
saved model_23.pkl successful...
aver_loss: 0.0019, f1: 0.9326, best_f1: 0.9326, best_epoch: 23 

epoch:25/50
start evaluate model...
class_name: company, precision: 0.9694, recall: 0.9481, f1: 0.9586
class_name: position, precision: 0.8013, recall: 0.9501, f1: 0.8694
class_name: detail, precision: 0.9396, recall: 0.9803, f1: 0.9595
aver_loss: 0.0018, f1: 0.9292, best_f1: 0.9326, best_epoch: 23 

epoch:26/50
start evaluate model...
class_name: company, precision: 0.9714, recall: 0.9481, f1: 0.9596
class_name: position, precision: 0.8187, recall: 0.9461, f1: 0.8778
class_name: detail, precision: 0.9397, recall: 0.9823, f1: 0.9605
saved model_25.pkl successful...
aver_loss: 0.0017, f1: 0.9326, best_f1: 0.9326, best_epoch: 25 

epoch:27/50
start evaluate model...
class_name: company, precision: 0.9713, recall: 0.9461, f1: 0.9585
class_name: position, precision: 0.8137, recall: 0.9501, f1: 0.8766
class_name: detail, precision: 0.9397, recall: 0.9823, f1: 0.9605
aver_loss: 0.0016, f1: 0.9319, best_f1: 0.9326, best_epoch: 25 

epoch:28/50
start evaluate model...
class_name: company, precision: 0.9714, recall: 0.9481, f1: 0.9596
class_name: position, precision: 0.8176, recall: 0.9481, f1: 0.8780
class_name: detail, precision: 0.9416, recall: 0.9843, f1: 0.9625
saved model_27.pkl successful...
aver_loss: 0.0016, f1: 0.9334, best_f1: 0.9334, best_epoch: 27 

epoch:29/50
start evaluate model...
class_name: company, precision: 0.9795, recall: 0.9541, f1: 0.9666
class_name: position, precision: 0.8345, recall: 0.9461, f1: 0.8868
class_name: detail, precision: 0.9416, recall: 0.9843, f1: 0.9625
saved model_28.pkl successful...
aver_loss: 0.0015, f1: 0.9386, best_f1: 0.9386, best_epoch: 28 

epoch:30/50
start evaluate model...
class_name: company, precision: 0.9775, recall: 0.9521, f1: 0.9646
class_name: position, precision: 0.8109, recall: 0.9501, f1: 0.8750
class_name: detail, precision: 0.9400, recall: 0.9862, f1: 0.9625
aver_loss: 0.0015, f1: 0.9340, best_f1: 0.9386, best_epoch: 28 

epoch:31/50
start evaluate model...
class_name: company, precision: 0.9774, recall: 0.9501, f1: 0.9636
class_name: position, precision: 0.8013, recall: 0.9501, f1: 0.8694
class_name: detail, precision: 0.9314, recall: 0.9882, f1: 0.9589
aver_loss: 0.0014, f1: 0.9306, best_f1: 0.9386, best_epoch: 28 

epoch:32/50
start evaluate model...
class_name: company, precision: 0.9815, recall: 0.9521, f1: 0.9666
class_name: position, precision: 0.8310, recall: 0.9521, f1: 0.8874
class_name: detail, precision: 0.9417, recall: 0.9862, f1: 0.9635
saved model_31.pkl successful...
aver_loss: 0.0014, f1: 0.9392, best_f1: 0.9392, best_epoch: 31 

epoch:33/50
start evaluate model...
class_name: company, precision: 0.9796, recall: 0.9561, f1: 0.9677
class_name: position, precision: 0.8129, recall: 0.9541, f1: 0.8779
class_name: detail, precision: 0.9348, recall: 0.9882, f1: 0.9608
aver_loss: 0.0013, f1: 0.9354, best_f1: 0.9392, best_epoch: 31 

epoch:34/50
start evaluate model...
class_name: company, precision: 0.9776, recall: 0.9581, f1: 0.9677
class_name: position, precision: 0.8238, recall: 0.9521, f1: 0.8833
class_name: detail, precision: 0.9330, recall: 0.9862, f1: 0.9589
aver_loss: 0.0013, f1: 0.9366, best_f1: 0.9392, best_epoch: 31 

epoch:35/50
start evaluate model...
class_name: company, precision: 0.9836, recall: 0.9561, f1: 0.9696
class_name: position, precision: 0.8196, recall: 0.9521, f1: 0.8809
class_name: detail, precision: 0.9349, recall: 0.9902, f1: 0.9618
aver_loss: 0.0012, f1: 0.9374, best_f1: 0.9392, best_epoch: 31 

epoch:36/50
start evaluate model...
class_name: company, precision: 0.9876, recall: 0.9541, f1: 0.9706
class_name: position, precision: 0.8196, recall: 0.9521, f1: 0.8809
class_name: detail, precision: 0.9332, recall: 0.9902, f1: 0.9608
aver_loss: 0.0012, f1: 0.9374, best_f1: 0.9392, best_epoch: 31 

epoch:37/50
start evaluate model...
class_name: company, precision: 0.9856, recall: 0.9541, f1: 0.9696
class_name: position, precision: 0.8253, recall: 0.9521, f1: 0.8842
class_name: detail, precision: 0.9315, recall: 0.9902, f1: 0.9599
aver_loss: 0.0012, f1: 0.9379, best_f1: 0.9392, best_epoch: 31 

epoch:38/50
start evaluate model...
class_name: company, precision: 0.9836, recall: 0.9601, f1: 0.9717
class_name: position, precision: 0.8157, recall: 0.9541, f1: 0.8795
class_name: detail, precision: 0.9315, recall: 0.9902, f1: 0.9599
aver_loss: 0.0011, f1: 0.9370, best_f1: 0.9392, best_epoch: 31 

epoch:39/50
start evaluate model...
class_name: company, precision: 0.9856, recall: 0.9581, f1: 0.9717
class_name: position, precision: 0.8339, recall: 0.9521, f1: 0.8891
class_name: detail, precision: 0.9296, recall: 0.9882, f1: 0.9580
saved model_38.pkl successful...
aver_loss: 0.0011, f1: 0.9396, best_f1: 0.9396, best_epoch: 38 

epoch:40/50
start evaluate model...
class_name: company, precision: 0.9836, recall: 0.9601, f1: 0.9717
class_name: position, precision: 0.8233, recall: 0.9581, f1: 0.8856
class_name: detail, precision: 0.9280, recall: 0.9902, f1: 0.9581
aver_loss: 0.0011, f1: 0.9385, best_f1: 0.9396, best_epoch: 38 

epoch:41/50
start evaluate model...
class_name: company, precision: 0.9798, recall: 0.9681, f1: 0.9739
class_name: position, precision: 0.8265, recall: 0.9601, f1: 0.8883
class_name: detail, precision: 0.9315, recall: 0.9902, f1: 0.9599
saved model_40.pkl successful...
aver_loss: 0.0010, f1: 0.9407, best_f1: 0.9407, best_epoch: 40 

epoch:42/50
start evaluate model...
class_name: company, precision: 0.9857, recall: 0.9641, f1: 0.9748
class_name: position, precision: 0.8102, recall: 0.9541, f1: 0.8763
class_name: detail, precision: 0.9316, recall: 0.9921, f1: 0.9609
aver_loss: 0.0010, f1: 0.9373, best_f1: 0.9407, best_epoch: 40 

epoch:43/50
start evaluate model...
class_name: company, precision: 0.9857, recall: 0.9601, f1: 0.9727
class_name: position, precision: 0.8290, recall: 0.9581, f1: 0.8889
class_name: detail, precision: 0.9299, recall: 0.9921, f1: 0.9600
aver_loss: 0.0010, f1: 0.9405, best_f1: 0.9407, best_epoch: 40 

epoch:44/50
start evaluate model...
class_name: company, precision: 0.9857, recall: 0.9601, f1: 0.9727
class_name: position, precision: 0.8322, recall: 0.9501, f1: 0.8872
class_name: detail, precision: 0.9316, recall: 0.9921, f1: 0.9609
aver_loss: 0.0009, f1: 0.9403, best_f1: 0.9407, best_epoch: 40 

epoch:45/50
start evaluate model...
class_name: company, precision: 0.9857, recall: 0.9661, f1: 0.9758
class_name: position, precision: 0.8296, recall: 0.9521, f1: 0.8866
class_name: detail, precision: 0.9333, recall: 0.9921, f1: 0.9618
saved model_44.pkl successful...
aver_loss: 0.0009, f1: 0.9414, best_f1: 0.9414, best_epoch: 44 

epoch:46/50
start evaluate model...
class_name: company, precision: 0.9857, recall: 0.9641, f1: 0.9748
class_name: position, precision: 0.8433, recall: 0.9561, f1: 0.8962
class_name: detail, precision: 0.9333, recall: 0.9921, f1: 0.9618
saved model_45.pkl successful...
aver_loss: 0.0009, f1: 0.9443, best_f1: 0.9443, best_epoch: 45 

epoch:47/50
start evaluate model...
class_name: company, precision: 0.9856, recall: 0.9581, f1: 0.9717
class_name: position, precision: 0.8325, recall: 0.9521, f1: 0.8883
class_name: detail, precision: 0.9282, recall: 0.9921, f1: 0.9591
aver_loss: 0.0009, f1: 0.9397, best_f1: 0.9443, best_epoch: 45 

epoch:48/50
start evaluate model...
class_name: company, precision: 0.9857, recall: 0.9661, f1: 0.9758
class_name: position, precision: 0.8380, recall: 0.9501, f1: 0.8906
class_name: detail, precision: 0.9333, recall: 0.9921, f1: 0.9618
aver_loss: 0.0008, f1: 0.9427, best_f1: 0.9443, best_epoch: 45 

epoch:49/50
start evaluate model...
class_name: company, precision: 0.9877, recall: 0.9601, f1: 0.9737
class_name: position, precision: 0.8389, recall: 0.9561, f1: 0.8937
class_name: detail, precision: 0.9299, recall: 0.9921, f1: 0.9600
aver_loss: 0.0008, f1: 0.9424, best_f1: 0.9443, best_epoch: 45 

epoch:50/50
start evaluate model...
class_name: company, precision: 0.9857, recall: 0.9661, f1: 0.9758
class_name: position, precision: 0.8119, recall: 0.9561, f1: 0.8781
class_name: detail, precision: 0.9351, recall: 0.9921, f1: 0.9628
aver_loss: 0.0008, f1: 0.9389, best_f1: 0.9443, best_epoch: 45 

