2020-08-18 09:35:36
++++++++++++++++++++++++++++++++++++++++CONFIGURATION SUMMARY++++++++++++++++++++++++++++++++++++++++
 Status:
     mode                 : train
 ++++++++++++++++++++++++++++++++++++++++
 Datasets:
     datasets         fold: data/example_datasets1
     train            file: train_data.json
     validation       file: dev_data.json
     test             file: None
     checkpoints       dir: models
     log               dir: logs
 ++++++++++++++++++++++++++++++++++++++++
Labeling Scheme:
     classnames     scheme: ['company', 'position', 'detail']
 ++++++++++++++++++++++++++++++++++++++++
 Training Settings:
     epoch                : 50
     batch            size: 128
     dropout              : 0.5
     learning         rate: 0.001
     is     early     stop: True
     patient              : 5
++++++++++++++++++++++++++++++++++++++++CONFIGURATION SUMMARY END++++++++++++++++++++++++++++++++++++++++
mode: train
train_data_length:4569,batch_size:128,steps in each epoch:35
dev_data_length:508

epoch:1/50
start evaluate engines...
class_name: company, precision: 0.7508, recall: 0.4870, f1: 0.5908
class_name: position, precision: 0.2500, recall: 0.0060, f1: 0.0117
class_name: detail, precision: 0.8304, recall: 0.5591, f1: 0.6682
saved model_0.pkl successful...
aver_loss: 0.1593, f1: 0.4236, best_f1: 0.4236, best_epoch: 1 

epoch:2/50
start evaluate engines...
class_name: company, precision: 0.9100, recall: 0.7265, f1: 0.8080
class_name: position, precision: 0.7870, recall: 0.4351, f1: 0.5604
class_name: detail, precision: 0.9011, recall: 0.6634, f1: 0.7642
saved model_1.pkl successful...
aver_loss: 0.0198, f1: 0.7109, best_f1: 0.7109, best_epoch: 2 

epoch:3/50
start evaluate engines...
class_name: company, precision: 0.9113, recall: 0.7585, f1: 0.8279
class_name: position, precision: 0.8235, recall: 0.6707, f1: 0.7393
class_name: detail, precision: 0.9340, recall: 0.8642, f1: 0.8978
saved model_2.pkl successful...
aver_loss: 0.0114, f1: 0.8216, best_f1: 0.8216, best_epoch: 3 

epoch:4/50
start evaluate engines...
class_name: company, precision: 0.9159, recall: 0.7824, f1: 0.8439
class_name: position, precision: 0.8243, recall: 0.7585, f1: 0.7900
class_name: detail, precision: 0.9479, recall: 0.8957, f1: 0.9211
saved model_3.pkl successful...
aver_loss: 0.0083, f1: 0.8517, best_f1: 0.8517, best_epoch: 4 

epoch:5/50
start evaluate engines...
class_name: company, precision: 0.9274, recall: 0.8164, f1: 0.8684
class_name: position, precision: 0.8535, recall: 0.8024, f1: 0.8272
class_name: detail, precision: 0.9413, recall: 0.9154, f1: 0.9281
saved model_4.pkl successful...
aver_loss: 0.0065, f1: 0.8746, best_f1: 0.8746, best_epoch: 5 

epoch:6/50
start evaluate engines...
class_name: company, precision: 0.9451, recall: 0.8583, f1: 0.8996
class_name: position, precision: 0.8785, recall: 0.8224, f1: 0.8495
class_name: detail, precision: 0.9476, recall: 0.9252, f1: 0.9363
saved model_5.pkl successful...
aver_loss: 0.0054, f1: 0.8951, best_f1: 0.8951, best_epoch: 6 

epoch:7/50
start evaluate engines...
class_name: company, precision: 0.9443, recall: 0.8802, f1: 0.9112
class_name: position, precision: 0.8933, recall: 0.8523, f1: 0.8723
class_name: detail, precision: 0.9581, recall: 0.9449, f1: 0.9514
saved model_6.pkl successful...
aver_loss: 0.0045, f1: 0.9116, best_f1: 0.9116, best_epoch: 7 

epoch:8/50
start evaluate engines...
class_name: company, precision: 0.9614, recall: 0.8942, f1: 0.9266
class_name: position, precision: 0.8914, recall: 0.8683, f1: 0.8797
class_name: detail, precision: 0.9663, recall: 0.9606, f1: 0.9635
saved model_7.pkl successful...
aver_loss: 0.0039, f1: 0.9232, best_f1: 0.9232, best_epoch: 8 

epoch:9/50
start evaluate engines...
class_name: company, precision: 0.9679, recall: 0.9022, f1: 0.9339
class_name: position, precision: 0.9255, recall: 0.8922, f1: 0.9085
class_name: detail, precision: 0.9683, recall: 0.9626, f1: 0.9654
saved model_8.pkl successful...
aver_loss: 0.0034, f1: 0.9360, best_f1: 0.9360, best_epoch: 9 

epoch:10/50
start evaluate engines...
class_name: company, precision: 0.9641, recall: 0.9102, f1: 0.9363
class_name: position, precision: 0.9256, recall: 0.8942, f1: 0.9096
class_name: detail, precision: 0.9683, recall: 0.9626, f1: 0.9654
saved model_9.pkl successful...
aver_loss: 0.0031, f1: 0.9371, best_f1: 0.9371, best_epoch: 10 

epoch:11/50
start evaluate engines...
class_name: company, precision: 0.9726, recall: 0.9222, f1: 0.9467
class_name: position, precision: 0.9234, recall: 0.9142, f1: 0.9188
class_name: detail, precision: 0.9704, recall: 0.9665, f1: 0.9684
saved model_10.pkl successful...
aver_loss: 0.0028, f1: 0.9446, best_f1: 0.9446, best_epoch: 11 

epoch:12/50
start evaluate engines...
class_name: company, precision: 0.9707, recall: 0.9261, f1: 0.9479
class_name: position, precision: 0.9198, recall: 0.9162, f1: 0.9180
class_name: detail, precision: 0.9723, recall: 0.9685, f1: 0.9704
saved model_11.pkl successful...
aver_loss: 0.0025, f1: 0.9454, best_f1: 0.9454, best_epoch: 12 

epoch:13/50
start evaluate engines...
class_name: company, precision: 0.9769, recall: 0.9281, f1: 0.9519
class_name: position, precision: 0.9167, recall: 0.9222, f1: 0.9194
class_name: detail, precision: 0.9724, recall: 0.9705, f1: 0.9714
saved model_12.pkl successful...
aver_loss: 0.0023, f1: 0.9476, best_f1: 0.9476, best_epoch: 13 

epoch:14/50
start evaluate engines...
class_name: company, precision: 0.9691, recall: 0.9381, f1: 0.9533
class_name: position, precision: 0.9261, recall: 0.9261, f1: 0.9261
class_name: detail, precision: 0.9783, recall: 0.9744, f1: 0.9763
saved model_13.pkl successful...
aver_loss: 0.0021, f1: 0.9519, best_f1: 0.9519, best_epoch: 14 

epoch:15/50
start evaluate engines...
class_name: company, precision: 0.9654, recall: 0.9481, f1: 0.9567
class_name: position, precision: 0.9209, recall: 0.9301, f1: 0.9255
class_name: detail, precision: 0.9842, recall: 0.9803, f1: 0.9822
saved model_14.pkl successful...
aver_loss: 0.0020, f1: 0.9548, best_f1: 0.9548, best_epoch: 15 

epoch:16/50
start evaluate engines...
class_name: company, precision: 0.9709, recall: 0.9321, f1: 0.9511
class_name: position, precision: 0.9175, recall: 0.9321, f1: 0.9248
class_name: detail, precision: 0.9842, recall: 0.9803, f1: 0.9822
aver_loss: 0.0018, f1: 0.9527, best_f1: 0.9548, best_epoch: 15 

epoch:17/50
start evaluate engines...
class_name: company, precision: 0.9773, recall: 0.9441, f1: 0.9604
class_name: position, precision: 0.9226, recall: 0.9281, f1: 0.9254
class_name: detail, precision: 0.9842, recall: 0.9803, f1: 0.9822
saved model_16.pkl successful...
aver_loss: 0.0017, f1: 0.9560, best_f1: 0.9560, best_epoch: 17 

epoch:18/50
start evaluate engines...
class_name: company, precision: 0.9676, recall: 0.9541, f1: 0.9608
class_name: position, precision: 0.9216, recall: 0.9381, f1: 0.9298
class_name: detail, precision: 0.9862, recall: 0.9823, f1: 0.9842
saved model_17.pkl successful...
aver_loss: 0.0016, f1: 0.9583, best_f1: 0.9583, best_epoch: 18 

epoch:19/50
start evaluate engines...
class_name: company, precision: 0.9718, recall: 0.9621, f1: 0.9669
class_name: position, precision: 0.9183, recall: 0.9421, f1: 0.9300
class_name: detail, precision: 0.9940, recall: 0.9862, f1: 0.9901
saved model_18.pkl successful...
aver_loss: 0.0015, f1: 0.9624, best_f1: 0.9624, best_epoch: 19 

epoch:20/50
start evaluate engines...
class_name: company, precision: 0.9776, recall: 0.9581, f1: 0.9677
class_name: position, precision: 0.9222, recall: 0.9461, f1: 0.9340
class_name: detail, precision: 0.9960, recall: 0.9882, f1: 0.9921
saved model_19.pkl successful...
aver_loss: 0.0014, f1: 0.9646, best_f1: 0.9646, best_epoch: 20 

epoch:21/50
start evaluate engines...
class_name: company, precision: 0.9797, recall: 0.9621, f1: 0.9708
class_name: position, precision: 0.9205, recall: 0.9481, f1: 0.9341
class_name: detail, precision: 0.9921, recall: 0.9862, f1: 0.9891
saved model_20.pkl successful...
aver_loss: 0.0013, f1: 0.9647, best_f1: 0.9647, best_epoch: 21 

epoch:22/50
start evaluate engines...
class_name: company, precision: 0.9798, recall: 0.9701, f1: 0.9749
class_name: position, precision: 0.9276, recall: 0.9461, f1: 0.9368
class_name: detail, precision: 0.9960, recall: 0.9902, f1: 0.9931
saved model_21.pkl successful...
aver_loss: 0.0013, f1: 0.9683, best_f1: 0.9683, best_epoch: 22 

epoch:23/50
start evaluate engines...
class_name: company, precision: 0.9877, recall: 0.9641, f1: 0.9758
class_name: position, precision: 0.9243, recall: 0.9501, f1: 0.9370
class_name: detail, precision: 0.9941, recall: 0.9882, f1: 0.9911
aver_loss: 0.0012, f1: 0.9680, best_f1: 0.9683, best_epoch: 22 

epoch:24/50
start evaluate engines...
class_name: company, precision: 0.9857, recall: 0.9641, f1: 0.9748
class_name: position, precision: 0.9262, recall: 0.9521, f1: 0.9390
class_name: detail, precision: 0.9921, recall: 0.9902, f1: 0.9911
saved model_23.pkl successful...
aver_loss: 0.0012, f1: 0.9683, best_f1: 0.9683, best_epoch: 24 

epoch:25/50
start evaluate engines...
class_name: company, precision: 0.9857, recall: 0.9661, f1: 0.9758
class_name: position, precision: 0.9276, recall: 0.9461, f1: 0.9368
class_name: detail, precision: 0.9960, recall: 0.9902, f1: 0.9931
saved model_24.pkl successful...
aver_loss: 0.0011, f1: 0.9686, best_f1: 0.9686, best_epoch: 25 

epoch:26/50
start evaluate engines...
class_name: company, precision: 0.9878, recall: 0.9701, f1: 0.9789
class_name: position, precision: 0.9179, recall: 0.9601, f1: 0.9385
class_name: detail, precision: 0.9941, recall: 0.9902, f1: 0.9921
saved model_25.pkl successful...
aver_loss: 0.0010, f1: 0.9698, best_f1: 0.9698, best_epoch: 26 

epoch:27/50
start evaluate engines...
class_name: company, precision: 0.9878, recall: 0.9681, f1: 0.9778
class_name: position, precision: 0.9311, recall: 0.9441, f1: 0.9376
class_name: detail, precision: 0.9941, recall: 0.9921, f1: 0.9931
aver_loss: 0.0010, f1: 0.9695, best_f1: 0.9698, best_epoch: 26 

epoch:28/50
start evaluate engines...
class_name: company, precision: 0.9858, recall: 0.9681, f1: 0.9768
class_name: position, precision: 0.9255, recall: 0.9421, f1: 0.9337
class_name: detail, precision: 0.9941, recall: 0.9921, f1: 0.9931
aver_loss: 0.0010, f1: 0.9679, best_f1: 0.9698, best_epoch: 26 

epoch:29/50
start evaluate engines...
class_name: company, precision: 0.9858, recall: 0.9701, f1: 0.9779
class_name: position, precision: 0.9302, recall: 0.9581, f1: 0.9440
class_name: detail, precision: 0.9960, recall: 0.9902, f1: 0.9931
saved model_28.pkl successful...
aver_loss: 0.0009, f1: 0.9716, best_f1: 0.9716, best_epoch: 29 

epoch:30/50
start evaluate engines...
class_name: company, precision: 0.9858, recall: 0.9681, f1: 0.9768
class_name: position, precision: 0.9369, recall: 0.9481, f1: 0.9425
class_name: detail, precision: 0.9960, recall: 0.9921, f1: 0.9941
aver_loss: 0.0009, f1: 0.9711, best_f1: 0.9716, best_epoch: 29 

epoch:31/50
start evaluate engines...
class_name: company, precision: 0.9898, recall: 0.9681, f1: 0.9788
class_name: position, precision: 0.9302, recall: 0.9581, f1: 0.9440
class_name: detail, precision: 0.9941, recall: 0.9921, f1: 0.9931
saved model_30.pkl successful...
aver_loss: 0.0009, f1: 0.9720, best_f1: 0.9720, best_epoch: 31 

epoch:32/50
start evaluate engines...
class_name: company, precision: 0.9918, recall: 0.9641, f1: 0.9777
class_name: position, precision: 0.9389, recall: 0.9501, f1: 0.9444
class_name: detail, precision: 0.9941, recall: 0.9921, f1: 0.9931
aver_loss: 0.0008, f1: 0.9718, best_f1: 0.9720, best_epoch: 31 

epoch:33/50
start evaluate engines...
class_name: company, precision: 0.9858, recall: 0.9701, f1: 0.9779
class_name: position, precision: 0.9347, recall: 0.9421, f1: 0.9384
class_name: detail, precision: 0.9941, recall: 0.9921, f1: 0.9931
aver_loss: 0.0008, f1: 0.9698, best_f1: 0.9720, best_epoch: 31 

epoch:34/50
start evaluate engines...
class_name: company, precision: 0.9878, recall: 0.9701, f1: 0.9789
class_name: position, precision: 0.9310, recall: 0.9421, f1: 0.9365
class_name: detail, precision: 0.9960, recall: 0.9882, f1: 0.9921
aver_loss: 0.0008, f1: 0.9692, best_f1: 0.9720, best_epoch: 31 

epoch:35/50
start evaluate engines...
class_name: company, precision: 0.9858, recall: 0.9701, f1: 0.9779
class_name: position, precision: 0.9376, recall: 0.9601, f1: 0.9487
class_name: detail, precision: 0.9941, recall: 0.9902, f1: 0.9921
saved model_34.pkl successful...
aver_loss: 0.0007, f1: 0.9729, best_f1: 0.9729, best_epoch: 35 

epoch:36/50
start evaluate engines...
class_name: company, precision: 0.9858, recall: 0.9721, f1: 0.9789
class_name: position, precision: 0.9269, recall: 0.9621, f1: 0.9442
class_name: detail, precision: 0.9941, recall: 0.9941, f1: 0.9941
aver_loss: 0.0007, f1: 0.9724, best_f1: 0.9729, best_epoch: 35 

epoch:37/50
start evaluate engines...
class_name: company, precision: 0.9878, recall: 0.9721, f1: 0.9799
class_name: position, precision: 0.9407, recall: 0.9501, f1: 0.9454
class_name: detail, precision: 0.9960, recall: 0.9902, f1: 0.9931
aver_loss: 0.0007, f1: 0.9728, best_f1: 0.9729, best_epoch: 35 

epoch:38/50
start evaluate engines...
class_name: company, precision: 0.9858, recall: 0.9721, f1: 0.9789
class_name: position, precision: 0.9325, recall: 0.9381, f1: 0.9353
class_name: detail, precision: 0.9941, recall: 0.9941, f1: 0.9941
aver_loss: 0.0007, f1: 0.9694, best_f1: 0.9729, best_epoch: 35 

epoch:39/50
start evaluate engines...
class_name: company, precision: 0.9878, recall: 0.9701, f1: 0.9789
class_name: position, precision: 0.9355, recall: 0.9561, f1: 0.9457
class_name: detail, precision: 0.9961, recall: 0.9961, f1: 0.9961
saved model_38.pkl successful...
aver_loss: 0.0007, f1: 0.9735, best_f1: 0.9735, best_epoch: 39 

epoch:40/50
start evaluate engines...
class_name: company, precision: 0.9898, recall: 0.9661, f1: 0.9778
class_name: position, precision: 0.9215, recall: 0.9601, f1: 0.9404
class_name: detail, precision: 0.9961, recall: 0.9941, f1: 0.9951
aver_loss: 0.0006, f1: 0.9711, best_f1: 0.9735, best_epoch: 39 

epoch:41/50
start evaluate engines...
class_name: company, precision: 0.9859, recall: 0.9760, f1: 0.9809
class_name: position, precision: 0.9314, recall: 0.9481, f1: 0.9397
class_name: detail, precision: 0.9961, recall: 0.9941, f1: 0.9951
aver_loss: 0.0006, f1: 0.9719, best_f1: 0.9735, best_epoch: 39 

epoch:42/50
start evaluate engines...
class_name: company, precision: 0.9878, recall: 0.9701, f1: 0.9789
class_name: position, precision: 0.9283, recall: 0.9561, f1: 0.9420
class_name: detail, precision: 0.9961, recall: 0.9961, f1: 0.9961
aver_loss: 0.0006, f1: 0.9723, best_f1: 0.9735, best_epoch: 39 

epoch:43/50
start evaluate engines...
class_name: company, precision: 0.9898, recall: 0.9701, f1: 0.9798
class_name: position, precision: 0.9368, recall: 0.9461, f1: 0.9414
class_name: detail, precision: 0.9961, recall: 0.9961, f1: 0.9961
aver_loss: 0.0006, f1: 0.9724, best_f1: 0.9735, best_epoch: 39 

epoch:44/50
start evaluate engines...
class_name: company, precision: 0.9898, recall: 0.9701, f1: 0.9798
class_name: position, precision: 0.9286, recall: 0.9601, f1: 0.9441
class_name: detail, precision: 0.9941, recall: 0.9980, f1: 0.9961
aver_loss: 0.0006, f1: 0.9733, best_f1: 0.9735, best_epoch: 39 

epoch:45/50
start evaluate engines...
class_name: company, precision: 0.9898, recall: 0.9721, f1: 0.9809
class_name: position, precision: 0.9331, recall: 0.9461, f1: 0.9395
class_name: detail, precision: 0.9961, recall: 0.9980, f1: 0.9971
aver_loss: 0.0005, f1: 0.9725, best_f1: 0.9735, best_epoch: 39 

early stopped, no progress obtained within 45 epochs
