2020-08-16 14:26:59
++++++++++++++++++++++++++++++++++++++++CONFIGURATION SUMMARY++++++++++++++++++++++++++++++++++++++++
 Status:
     mode                 : train
 ++++++++++++++++++++++++++++++++++++++++
 Datasets:
     datasets         fold: data/example_datasets1
     train            file: train_data.json
     validation       file: dev_data.json
     test             file: None
     checkpoints       dir: models
     log               dir: logs
 ++++++++++++++++++++++++++++++++++++++++
Labeling Scheme:
     classnames     scheme: ['company', 'position', 'detail']
 ++++++++++++++++++++++++++++++++++++++++
 Training Settings:
     epoch                : 50
     batch            size: 128
     dropout              : 0.5
     learning         rate: 0.001
     is     early     stop: True
     patient              : 5
++++++++++++++++++++++++++++++++++++++++CONFIGURATION SUMMARY END++++++++++++++++++++++++++++++++++++++++
mode: train
train_data_length:4567,batch_size:128,steps in each epoch:35
dev_data_length:508

epoch:1/50
start evaluate engines...
class_name: company, precision: 0.7421, recall: 0.6088, f1: 0.6689
class_name: position, precision: 0.5294, recall: 0.0180, f1: 0.0347
class_name: detail, precision: 0.8107, recall: 0.6831, f1: 0.7415
saved model_0.pkl successful...
aver_loss: 0.1536, f1: 0.4817, best_f1: 0.4817, best_epoch: 1 

epoch:2/50
start evaluate engines...
class_name: company, precision: 0.9071, recall: 0.6627, f1: 0.7659
class_name: position, precision: 0.7925, recall: 0.5030, f1: 0.6154
class_name: detail, precision: 0.8632, recall: 0.7579, f1: 0.8071
saved model_1.pkl successful...
aver_loss: 0.0179, f1: 0.7295, best_f1: 0.7295, best_epoch: 2 

epoch:3/50
start evaluate engines...
class_name: company, precision: 0.9093, recall: 0.7206, f1: 0.8040
class_name: position, precision: 0.8244, recall: 0.7026, f1: 0.7586
class_name: detail, precision: 0.8825, recall: 0.8130, f1: 0.8463
saved model_2.pkl successful...
aver_loss: 0.0108, f1: 0.8030, best_f1: 0.8030, best_epoch: 3 

epoch:4/50
start evaluate engines...
class_name: company, precision: 0.9249, recall: 0.7864, f1: 0.8501
class_name: position, precision: 0.8501, recall: 0.7924, f1: 0.8202
class_name: detail, precision: 0.9030, recall: 0.8425, f1: 0.8717
saved model_3.pkl successful...
aver_loss: 0.0080, f1: 0.8473, best_f1: 0.8473, best_epoch: 4 

epoch:5/50
start evaluate engines...
class_name: company, precision: 0.9315, recall: 0.8144, f1: 0.8690
class_name: position, precision: 0.8716, recall: 0.8263, f1: 0.8484
class_name: detail, precision: 0.9187, recall: 0.8681, f1: 0.8927
saved model_4.pkl successful...
aver_loss: 0.0063, f1: 0.8700, best_f1: 0.8700, best_epoch: 5 

epoch:6/50
start evaluate engines...
class_name: company, precision: 0.9417, recall: 0.8703, f1: 0.9046
class_name: position, precision: 0.8800, recall: 0.8343, f1: 0.8566
class_name: detail, precision: 0.9264, recall: 0.8917, f1: 0.9087
saved model_5.pkl successful...
aver_loss: 0.0052, f1: 0.8899, best_f1: 0.8899, best_epoch: 6 

epoch:7/50
start evaluate engines...
class_name: company, precision: 0.9616, recall: 0.9002, f1: 0.9299
class_name: position, precision: 0.8814, recall: 0.8603, f1: 0.8707
class_name: detail, precision: 0.9304, recall: 0.9213, f1: 0.9258
saved model_6.pkl successful...
aver_loss: 0.0044, f1: 0.9088, best_f1: 0.9088, best_epoch: 7 

epoch:8/50
start evaluate engines...
class_name: company, precision: 0.9593, recall: 0.8942, f1: 0.9256
class_name: position, precision: 0.8866, recall: 0.8743, f1: 0.8804
class_name: detail, precision: 0.9442, recall: 0.9331, f1: 0.9386
saved model_7.pkl successful...
aver_loss: 0.0038, f1: 0.9149, best_f1: 0.9149, best_epoch: 8 

epoch:9/50
start evaluate engines...
class_name: company, precision: 0.9699, recall: 0.9002, f1: 0.9337
class_name: position, precision: 0.8804, recall: 0.8962, f1: 0.8882
class_name: detail, precision: 0.9472, recall: 0.9528, f1: 0.9500
saved model_8.pkl successful...
aver_loss: 0.0033, f1: 0.9240, best_f1: 0.9240, best_epoch: 9 

epoch:10/50
start evaluate engines...
class_name: company, precision: 0.9585, recall: 0.9222, f1: 0.9400
class_name: position, precision: 0.8781, recall: 0.9062, f1: 0.8919
class_name: detail, precision: 0.9514, recall: 0.9626, f1: 0.9569
saved model_9.pkl successful...
aver_loss: 0.0029, f1: 0.9296, best_f1: 0.9296, best_epoch: 10 

epoch:11/50
start evaluate engines...
class_name: company, precision: 0.9704, recall: 0.9162, f1: 0.9425
class_name: position, precision: 0.8887, recall: 0.9082, f1: 0.8983
class_name: detail, precision: 0.9550, recall: 0.9606, f1: 0.9578
saved model_10.pkl successful...
aver_loss: 0.0026, f1: 0.9329, best_f1: 0.9329, best_epoch: 11 

epoch:12/50
start evaluate engines...
class_name: company, precision: 0.9708, recall: 0.9281, f1: 0.9490
class_name: position, precision: 0.8882, recall: 0.9202, f1: 0.9039
class_name: detail, precision: 0.9609, recall: 0.9665, f1: 0.9637
saved model_11.pkl successful...
aver_loss: 0.0024, f1: 0.9389, best_f1: 0.9389, best_epoch: 12 

epoch:13/50
start evaluate engines...
class_name: company, precision: 0.9669, recall: 0.9321, f1: 0.9492
class_name: position, precision: 0.8863, recall: 0.9182, f1: 0.9020
class_name: detail, precision: 0.9610, recall: 0.9705, f1: 0.9657
saved model_12.pkl successful...
aver_loss: 0.0022, f1: 0.9390, best_f1: 0.9390, best_epoch: 13 

epoch:14/50
start evaluate engines...
class_name: company, precision: 0.9595, recall: 0.9461, f1: 0.9528
class_name: position, precision: 0.8696, recall: 0.9321, f1: 0.8998
class_name: detail, precision: 0.9670, recall: 0.9803, f1: 0.9736
saved model_13.pkl successful...
aver_loss: 0.0020, f1: 0.9421, best_f1: 0.9421, best_epoch: 14 

epoch:15/50
start evaluate engines...
class_name: company, precision: 0.9714, recall: 0.9481, f1: 0.9596
class_name: position, precision: 0.8925, recall: 0.9281, f1: 0.9100
class_name: detail, precision: 0.9689, recall: 0.9803, f1: 0.9746
saved model_14.pkl successful...
aver_loss: 0.0019, f1: 0.9480, best_f1: 0.9480, best_epoch: 15 

epoch:16/50
start evaluate engines...
class_name: company, precision: 0.9753, recall: 0.9441, f1: 0.9594
class_name: position, precision: 0.9066, recall: 0.9301, f1: 0.9182
class_name: detail, precision: 0.9747, recall: 0.9843, f1: 0.9794
saved model_15.pkl successful...
aver_loss: 0.0017, f1: 0.9524, best_f1: 0.9524, best_epoch: 16 

epoch:17/50
start evaluate engines...
class_name: company, precision: 0.9714, recall: 0.9501, f1: 0.9606
class_name: position, precision: 0.9023, recall: 0.9401, f1: 0.9208
class_name: detail, precision: 0.9709, recall: 0.9843, f1: 0.9775
saved model_16.pkl successful...
aver_loss: 0.0016, f1: 0.9530, best_f1: 0.9530, best_epoch: 17 

epoch:18/50
start evaluate engines...
class_name: company, precision: 0.9755, recall: 0.9541, f1: 0.9647
class_name: position, precision: 0.8773, recall: 0.9421, f1: 0.9086
class_name: detail, precision: 0.9746, recall: 0.9823, f1: 0.9784
aver_loss: 0.0015, f1: 0.9506, best_f1: 0.9530, best_epoch: 17 

epoch:19/50
start evaluate engines...
class_name: company, precision: 0.9814, recall: 0.9461, f1: 0.9634
class_name: position, precision: 0.9072, recall: 0.9361, f1: 0.9214
class_name: detail, precision: 0.9728, recall: 0.9862, f1: 0.9795
saved model_18.pkl successful...
aver_loss: 0.0014, f1: 0.9548, best_f1: 0.9548, best_epoch: 19 

epoch:20/50
start evaluate engines...
class_name: company, precision: 0.9816, recall: 0.9561, f1: 0.9687
class_name: position, precision: 0.8831, recall: 0.9501, f1: 0.9154
class_name: detail, precision: 0.9729, recall: 0.9882, f1: 0.9805
saved model_19.pkl successful...
aver_loss: 0.0013, f1: 0.9548, best_f1: 0.9548, best_epoch: 20 

epoch:21/50
start evaluate engines...
class_name: company, precision: 0.9795, recall: 0.9541, f1: 0.9666
class_name: position, precision: 0.9044, recall: 0.9441, f1: 0.9238
class_name: detail, precision: 0.9748, recall: 0.9902, f1: 0.9824
saved model_20.pkl successful...
aver_loss: 0.0012, f1: 0.9576, best_f1: 0.9576, best_epoch: 21 

epoch:22/50
start evaluate engines...
class_name: company, precision: 0.9816, recall: 0.9581, f1: 0.9697
class_name: position, precision: 0.9162, recall: 0.9381, f1: 0.9270
class_name: detail, precision: 0.9748, recall: 0.9902, f1: 0.9824
saved model_21.pkl successful...
aver_loss: 0.0012, f1: 0.9597, best_f1: 0.9597, best_epoch: 22 

epoch:23/50
start evaluate engines...
class_name: company, precision: 0.9856, recall: 0.9541, f1: 0.9696
class_name: position, precision: 0.8916, recall: 0.9521, f1: 0.9208
class_name: detail, precision: 0.9730, recall: 0.9921, f1: 0.9825
aver_loss: 0.0011, f1: 0.9576, best_f1: 0.9597, best_epoch: 22 

epoch:24/50
start evaluate engines...
class_name: company, precision: 0.9817, recall: 0.9641, f1: 0.9728
class_name: position, precision: 0.8979, recall: 0.9481, f1: 0.9223
class_name: detail, precision: 0.9692, recall: 0.9902, f1: 0.9796
aver_loss: 0.0010, f1: 0.9582, best_f1: 0.9597, best_epoch: 22 

epoch:25/50
start evaluate engines...
class_name: company, precision: 0.9817, recall: 0.9621, f1: 0.9718
class_name: position, precision: 0.8862, recall: 0.9481, f1: 0.9161
class_name: detail, precision: 0.9655, recall: 0.9902, f1: 0.9776
aver_loss: 0.0010, f1: 0.9552, best_f1: 0.9597, best_epoch: 22 

epoch:26/50
start evaluate engines...
class_name: company, precision: 0.9836, recall: 0.9561, f1: 0.9696
class_name: position, precision: 0.8972, recall: 0.9581, f1: 0.9266
class_name: detail, precision: 0.9711, recall: 0.9921, f1: 0.9815
aver_loss: 0.0009, f1: 0.9593, best_f1: 0.9597, best_epoch: 22 

epoch:27/50
start evaluate engines...
class_name: company, precision: 0.9856, recall: 0.9581, f1: 0.9717
class_name: position, precision: 0.9009, recall: 0.9621, f1: 0.9305
class_name: detail, precision: 0.9674, recall: 0.9921, f1: 0.9796
saved model_26.pkl successful...
aver_loss: 0.0009, f1: 0.9606, best_f1: 0.9606, best_epoch: 27 

epoch:28/50
start evaluate engines...
class_name: company, precision: 0.9817, recall: 0.9661, f1: 0.9738
class_name: position, precision: 0.8786, recall: 0.9681, f1: 0.9212
class_name: detail, precision: 0.9655, recall: 0.9921, f1: 0.9786
aver_loss: 0.0009, f1: 0.9579, best_f1: 0.9606, best_epoch: 27 

epoch:29/50
start evaluate engines...
class_name: company, precision: 0.9877, recall: 0.9581, f1: 0.9726
class_name: position, precision: 0.9049, recall: 0.9501, f1: 0.9270
class_name: detail, precision: 0.9692, recall: 0.9921, f1: 0.9805
aver_loss: 0.0008, f1: 0.9601, best_f1: 0.9606, best_epoch: 27 

epoch:30/50
start evaluate engines...
class_name: company, precision: 0.9897, recall: 0.9621, f1: 0.9757
class_name: position, precision: 0.9048, recall: 0.9481, f1: 0.9259
class_name: detail, precision: 0.9730, recall: 0.9921, f1: 0.9825
saved model_29.pkl successful...
aver_loss: 0.0008, f1: 0.9614, best_f1: 0.9614, best_epoch: 30 

epoch:31/50
start evaluate engines...
class_name: company, precision: 0.9838, recall: 0.9681, f1: 0.9759
class_name: position, precision: 0.9015, recall: 0.9501, f1: 0.9252
class_name: detail, precision: 0.9692, recall: 0.9921, f1: 0.9805
aver_loss: 0.0008, f1: 0.9605, best_f1: 0.9614, best_epoch: 30 

epoch:32/50
start evaluate engines...
class_name: company, precision: 0.9838, recall: 0.9721, f1: 0.9779
class_name: position, precision: 0.8828, recall: 0.9621, f1: 0.9207
class_name: detail, precision: 0.9692, recall: 0.9921, f1: 0.9805
aver_loss: 0.0007, f1: 0.9597, best_f1: 0.9614, best_epoch: 30 

epoch:33/50
start evaluate engines...
class_name: company, precision: 0.9877, recall: 0.9641, f1: 0.9758
class_name: position, precision: 0.9013, recall: 0.9481, f1: 0.9241
class_name: detail, precision: 0.9693, recall: 0.9941, f1: 0.9815
aver_loss: 0.0007, f1: 0.9605, best_f1: 0.9614, best_epoch: 30 

epoch:34/50
start evaluate engines...
class_name: company, precision: 0.9838, recall: 0.9701, f1: 0.9769
class_name: position, precision: 0.8791, recall: 0.9581, f1: 0.9169
class_name: detail, precision: 0.9712, recall: 0.9941, f1: 0.9825
aver_loss: 0.0007, f1: 0.9588, best_f1: 0.9614, best_epoch: 30 

epoch:35/50
start evaluate engines...
class_name: company, precision: 0.9858, recall: 0.9681, f1: 0.9768
class_name: position, precision: 0.8832, recall: 0.9661, f1: 0.9228
class_name: detail, precision: 0.9712, recall: 0.9941, f1: 0.9825
aver_loss: 0.0006, f1: 0.9607, best_f1: 0.9614, best_epoch: 30 

epoch:36/50
start evaluate engines...
class_name: company, precision: 0.9838, recall: 0.9701, f1: 0.9769
class_name: position, precision: 0.8957, recall: 0.9601, f1: 0.9268
class_name: detail, precision: 0.9730, recall: 0.9941, f1: 0.9834
saved model_35.pkl successful...
aver_loss: 0.0006, f1: 0.9624, best_f1: 0.9624, best_epoch: 36 

epoch:37/50
start evaluate engines...
class_name: company, precision: 0.9858, recall: 0.9721, f1: 0.9789
class_name: position, precision: 0.8901, recall: 0.9541, f1: 0.9210
class_name: detail, precision: 0.9750, recall: 0.9961, f1: 0.9854
aver_loss: 0.0006, f1: 0.9618, best_f1: 0.9624, best_epoch: 36 

epoch:38/50
start evaluate engines...
class_name: company, precision: 0.9898, recall: 0.9701, f1: 0.9798
class_name: position, precision: 0.8985, recall: 0.9541, f1: 0.9255
class_name: detail, precision: 0.9750, recall: 0.9961, f1: 0.9854
saved model_37.pkl successful...
aver_loss: 0.0006, f1: 0.9636, best_f1: 0.9636, best_epoch: 38 

epoch:39/50
start evaluate engines...
class_name: company, precision: 0.9919, recall: 0.9721, f1: 0.9819
class_name: position, precision: 0.8942, recall: 0.9621, f1: 0.9269
class_name: detail, precision: 0.9731, recall: 0.9961, f1: 0.9844
saved model_38.pkl successful...
aver_loss: 0.0006, f1: 0.9644, best_f1: 0.9644, best_epoch: 39 

epoch:40/50
start evaluate engines...
class_name: company, precision: 0.9918, recall: 0.9681, f1: 0.9798
class_name: position, precision: 0.8834, recall: 0.9681, f1: 0.9238
class_name: detail, precision: 0.9731, recall: 0.9961, f1: 0.9844
aver_loss: 0.0005, f1: 0.9627, best_f1: 0.9644, best_epoch: 39 

epoch:41/50
start evaluate engines...
class_name: company, precision: 0.9898, recall: 0.9721, f1: 0.9809
class_name: position, precision: 0.8801, recall: 0.9521, f1: 0.9147
class_name: detail, precision: 0.9583, recall: 0.9961, f1: 0.9768
aver_loss: 0.0005, f1: 0.9575, best_f1: 0.9644, best_epoch: 39 

epoch:42/50
start evaluate engines...
class_name: company, precision: 0.9899, recall: 0.9741, f1: 0.9819
class_name: position, precision: 0.8870, recall: 0.9561, f1: 0.9203
class_name: detail, precision: 0.9675, recall: 0.9961, f1: 0.9816
aver_loss: 0.0005, f1: 0.9612, best_f1: 0.9644, best_epoch: 39 

epoch:43/50
start evaluate engines...
class_name: company, precision: 0.9898, recall: 0.9721, f1: 0.9809
class_name: position, precision: 0.8791, recall: 0.9581, f1: 0.9169
class_name: detail, precision: 0.9731, recall: 0.9961, f1: 0.9844
aver_loss: 0.0005, f1: 0.9607, best_f1: 0.9644, best_epoch: 39 

epoch:44/50
start evaluate engines...
class_name: company, precision: 0.9878, recall: 0.9701, f1: 0.9789
class_name: position, precision: 0.8877, recall: 0.9621, f1: 0.9234
class_name: detail, precision: 0.9731, recall: 0.9961, f1: 0.9844
aver_loss: 0.0005, f1: 0.9622, best_f1: 0.9644, best_epoch: 39 

epoch:45/50
start evaluate engines...
class_name: company, precision: 0.9839, recall: 0.9741, f1: 0.9789
class_name: position, precision: 0.8864, recall: 0.9501, f1: 0.9171
class_name: detail, precision: 0.9731, recall: 0.9980, f1: 0.9854
aver_loss: 0.0004, f1: 0.9605, best_f1: 0.9644, best_epoch: 39 

early stopped, no progress obtained within 45 epochs
