2020-08-26 11:25:54
++++++++++++++++++++++++++++++++++++++++CONFIGURATION SUMMARY++++++++++++++++++++++++++++++++++++++++
 Status:
     mode                 : train
 ++++++++++++++++++++++++++++++++++++++++
 Datasets:
     datasets         fold: data/example_datasets2
     train            file: train_data.json
     validation       file: dev_data.json
     test             file: None
     checkpoints       dir: models
     log               dir: logs
 ++++++++++++++++++++++++++++++++++++++++
Labeling Scheme:
     classnames     scheme: ['person', 'location', 'organization']
     decision    threshold: 0.4
 ++++++++++++++++++++++++++++++++++++++++
 Training Settings:
     epoch                : 50
     batch            size: 128
     dropout              : 0.5
     learning         rate: 0.001
     is     early     stop: True
     patient              : 5
++++++++++++++++++++++++++++++++++++++++CONFIGURATION SUMMARY END++++++++++++++++++++++++++++++++++++++++
mode: train
train_data_length:23180,batch_size:128,steps in each epoch:181
dev_data_length:4636

epoch:1/50
start evaluate engines...
class_name: person, precision: 0.6814, recall: 0.8859, f1: 0.7703
class_name: location, precision: 0.7520, recall: 0.6838, f1: 0.7163
class_name: organization, precision: 0.7388, recall: 0.4874, f1: 0.5873
saved model_1.pkl successful...
saved best model successful...
aver_loss: 0.0760, f1: 0.6913, best_f1: 0.6913, best_epoch: 1 

epoch:2/50
start evaluate engines...
class_name: person, precision: 0.7038, recall: 0.8898, f1: 0.7859
class_name: location, precision: 0.7303, recall: 0.7745, f1: 0.7518
class_name: organization, precision: 0.7213, recall: 0.5490, f1: 0.6235
saved model_2.pkl successful...
saved best model successful...
aver_loss: 0.0312, f1: 0.7204, best_f1: 0.7204, best_epoch: 2 

epoch:3/50
start evaluate engines...
class_name: person, precision: 0.7054, recall: 0.9119, f1: 0.7955
class_name: location, precision: 0.7740, recall: 0.5753, f1: 0.6600
class_name: organization, precision: 0.6256, recall: 0.6636, f1: 0.6441
aver_loss: 0.0293, f1: 0.6998, best_f1: 0.7204, best_epoch: 2 

epoch:4/50
start evaluate engines...
class_name: person, precision: 0.7134, recall: 0.9141, f1: 0.8014
class_name: location, precision: 0.7579, recall: 0.6989, f1: 0.7272
class_name: organization, precision: 0.7304, recall: 0.5563, f1: 0.6316
aver_loss: 0.0289, f1: 0.7201, best_f1: 0.7204, best_epoch: 2 

epoch:5/50
start evaluate engines...
class_name: person, precision: 0.6604, recall: 0.9260, f1: 0.7709
class_name: location, precision: 0.7491, recall: 0.6959, f1: 0.7215
class_name: organization, precision: 0.7348, recall: 0.5325, f1: 0.6175
aver_loss: 0.0276, f1: 0.7033, best_f1: 0.7204, best_epoch: 2 

epoch:6/50
start evaluate engines...
class_name: person, precision: 0.6856, recall: 0.9266, f1: 0.7881
class_name: location, precision: 0.7392, recall: 0.7314, f1: 0.7353
class_name: organization, precision: 0.6755, recall: 0.5437, f1: 0.6025
aver_loss: 0.0275, f1: 0.7086, best_f1: 0.7204, best_epoch: 2 

epoch:7/50
start evaluate engines...
class_name: person, precision: 0.6913, recall: 0.9260, f1: 0.7916
class_name: location, precision: 0.7237, recall: 0.7216, f1: 0.7226
class_name: organization, precision: 0.6447, recall: 0.6413, f1: 0.6430
aver_loss: 0.0278, f1: 0.7191, best_f1: 0.7204, best_epoch: 2 

epoch:8/50
start evaluate engines...
class_name: person, precision: 0.6794, recall: 0.9316, f1: 0.7858
class_name: location, precision: 0.7420, recall: 0.6949, f1: 0.7177
class_name: organization, precision: 0.6502, recall: 0.6471, f1: 0.6487
aver_loss: 0.0273, f1: 0.7174, best_f1: 0.7204, best_epoch: 2 

early stopped, no progress obtained within 8 epochs
