2021-07-30 13:12:58
++++++++++++++++++++++++++++++++++++++++CONFIGURATION SUMMARY++++++++++++++++++++++++++++++++++++++++
 Status:
     mode                 : train
 ++++++++++++++++++++++++++++++++++++++++
 Datasets:
     datasets         fold: data/example_datasets2
     train            file: train_data.json
     validation       file: dev_data.json
     test             file: None
     checkpoints       dir: models/example_datasets2
     log               dir: logs
 ++++++++++++++++++++++++++++++++++++++++
Labeling Scheme:
     classnames     scheme: ['person', 'location', 'organization']
     decision    threshold: 0.5
 ++++++++++++++++++++++++++++++++++++++++
 Training Settings:
     epoch                : 50
     batch            size: 32
     max  sequence  length: 200
     dropout              : 0.5
     learning         rate: 5e-05
     is     early     stop: True
     patient              : 5
++++++++++++++++++++++++++++++++++++++++CONFIGURATION SUMMARY END++++++++++++++++++++++++++++++++++++++++
mode: train
train_data_length:23180,batch_size:32,steps in each epoch:724
dev_data_length:4636

epoch:1/50
start evaluate engines...
class_name: person, precision: 0.9776, recall: 0.9621, f1: 0.9698
class_name: location, precision: 0.9530, recall: 0.8994, f1: 0.9254
class_name: organization, precision: 0.9333, recall: 0.8427, f1: 0.8857
time consumption:5.67(min)
saved model successful...
aver_loss: 0.0422, f1: 0.9270, best_f1: 0.9270, best_epoch: 1 

epoch:2/50
start evaluate engines...
class_name: person, precision: 0.9900, recall: 0.9542, f1: 0.9718
class_name: location, precision: 0.9678, recall: 0.8994, f1: 0.9324
class_name: organization, precision: 0.9383, recall: 0.8709, f1: 0.9033
time consumption:5.78(min)
saved model successful...
aver_loss: 0.0081, f1: 0.9358, best_f1: 0.9358, best_epoch: 2 

epoch:3/50
start evaluate engines...
class_name: person, precision: 0.9905, recall: 0.9401, f1: 0.9646
class_name: location, precision: 0.9534, recall: 0.8820, f1: 0.9163
class_name: organization, precision: 0.9237, recall: 0.8820, f1: 0.9024
time consumption:5.79(min)
aver_loss: 0.0042, f1: 0.9278, best_f1: 0.9358, best_epoch: 2 

epoch:4/50
start evaluate engines...
class_name: person, precision: 0.9861, recall: 0.9599, f1: 0.9728
class_name: location, precision: 0.9617, recall: 0.8994, f1: 0.9295
class_name: organization, precision: 0.9242, recall: 0.8937, f1: 0.9087
time consumption:5.80(min)
saved model successful...
aver_loss: 0.0025, f1: 0.9370, best_f1: 0.9370, best_epoch: 4 

epoch:5/50
start evaluate engines...
class_name: person, precision: 0.9917, recall: 0.9475, f1: 0.9691
class_name: location, precision: 0.9586, recall: 0.9283, f1: 0.9432
class_name: organization, precision: 0.9403, recall: 0.8796, f1: 0.9090
time consumption:5.80(min)
saved model successful...
aver_loss: 0.0019, f1: 0.9404, best_f1: 0.9404, best_epoch: 5 

epoch:6/50
start evaluate engines...
class_name: person, precision: 0.9918, recall: 0.9576, f1: 0.9744
class_name: location, precision: 0.9535, recall: 0.8695, f1: 0.9096
class_name: organization, precision: 0.9534, recall: 0.8549, f1: 0.9015
time consumption:5.79(min)
aver_loss: 0.0018, f1: 0.9285, best_f1: 0.9404, best_epoch: 5 

epoch:7/50
start evaluate engines...
class_name: person, precision: 0.9895, recall: 0.9588, f1: 0.9739
class_name: location, precision: 0.9674, recall: 0.8780, f1: 0.9206
class_name: organization, precision: 0.9367, recall: 0.8903, f1: 0.9129
time consumption:5.80(min)
aver_loss: 0.0016, f1: 0.9358, best_f1: 0.9404, best_epoch: 5 

epoch:8/50
start evaluate engines...
class_name: person, precision: 0.9906, recall: 0.9565, f1: 0.9733
class_name: location, precision: 0.9656, recall: 0.9040, f1: 0.9338
class_name: organization, precision: 0.9285, recall: 0.8956, f1: 0.9118
time consumption:5.80(min)
aver_loss: 0.0013, f1: 0.9396, best_f1: 0.9404, best_epoch: 5 

epoch:9/50
start evaluate engines...
class_name: person, precision: 0.9901, recall: 0.9627, f1: 0.9762
class_name: location, precision: 0.9606, recall: 0.8731, f1: 0.9148
class_name: organization, precision: 0.9410, recall: 0.8743, f1: 0.9064
time consumption:5.80(min)
aver_loss: 0.0014, f1: 0.9325, best_f1: 0.9404, best_epoch: 5 

epoch:10/50
start evaluate engines...
class_name: person, precision: 0.9879, recall: 0.9684, f1: 0.9780
class_name: location, precision: 0.9532, recall: 0.8974, f1: 0.9245
class_name: organization, precision: 0.9349, recall: 0.8927, f1: 0.9133
time consumption:5.81(min)
aver_loss: 0.0012, f1: 0.9386, best_f1: 0.9404, best_epoch: 5 

epoch:11/50
start evaluate engines...
class_name: person, precision: 0.9838, recall: 0.9593, f1: 0.9714
class_name: location, precision: 0.9520, recall: 0.8800, f1: 0.9146
class_name: organization, precision: 0.9460, recall: 0.8670, f1: 0.9048
time consumption:5.81(min)
aver_loss: 0.0009, f1: 0.9302, best_f1: 0.9404, best_epoch: 5 

early stopped, no progress obtained within 5 epochs
overall best f1 is 0.9404193178174621 at 5 epoch
total training time consumption: 63.953(min)
