2021-07-30 15:04:08
++++++++++++++++++++++++++++++++++++++++CONFIGURATION SUMMARY++++++++++++++++++++++++++++++++++++++++
 Status:
     mode                 : train
 ++++++++++++++++++++++++++++++++++++++++
 Datasets:
     datasets         fold: data/example_datasets1
     train            file: train_data.json
     validation       file: dev_data.json
     test             file: None
     checkpoints       dir: models/example_datasets1
     log               dir: logs
 ++++++++++++++++++++++++++++++++++++++++
Labeling Scheme:
     classnames     scheme: ['company', 'position', 'detail']
     decision    threshold: 0.5
 ++++++++++++++++++++++++++++++++++++++++
 Training Settings:
     epoch                : 50
     batch            size: 32
     max  sequence  length: 200
     dropout              : 0.5
     learning         rate: 5e-05
     is     early     stop: True
     patient              : 5
++++++++++++++++++++++++++++++++++++++++CONFIGURATION SUMMARY END++++++++++++++++++++++++++++++++++++++++
mode: train
train_data_length:4569,batch_size:32,steps in each epoch:142
dev_data_length:508

epoch:1/50
start evaluate engines...
class_name: company, precision: 0.9424, recall: 0.8822, f1: 0.9113
class_name: position, precision: 0.9348, recall: 0.8303, f1: 0.8795
class_name: detail, precision: 0.9857, recall: 0.9508, f1: 0.9679
time consumption:0.83(min)
saved model successful...
aver_loss: 0.1172, f1: 0.9196, best_f1: 0.9196, best_epoch: 1 

epoch:2/50
start evaluate engines...
class_name: company, precision: 0.9896, recall: 0.9481, f1: 0.9684
class_name: position, precision: 0.9908, recall: 0.8563, f1: 0.9186
class_name: detail, precision: 0.9881, recall: 0.9783, f1: 0.9832
time consumption:0.83(min)
saved model successful...
aver_loss: 0.0066, f1: 0.9567, best_f1: 0.9567, best_epoch: 2 

epoch:3/50
start evaluate engines...
class_name: company, precision: 0.9878, recall: 0.9721, f1: 0.9799
class_name: position, precision: 0.9806, recall: 0.9062, f1: 0.9419
class_name: detail, precision: 0.9862, recall: 0.9843, f1: 0.9852
time consumption:0.85(min)
saved model successful...
aver_loss: 0.0034, f1: 0.9690, best_f1: 0.9690, best_epoch: 3 

epoch:4/50
start evaluate engines...
class_name: company, precision: 0.9834, recall: 0.9441, f1: 0.9633
class_name: position, precision: 0.9888, recall: 0.8782, f1: 0.9302
class_name: detail, precision: 0.9862, recall: 0.9843, f1: 0.9852
time consumption:0.85(min)
aver_loss: 0.0022, f1: 0.9596, best_f1: 0.9690, best_epoch: 3 

epoch:5/50
start evaluate engines...
class_name: company, precision: 0.9897, recall: 0.9561, f1: 0.9726
class_name: position, precision: 0.9867, recall: 0.8862, f1: 0.9338
class_name: detail, precision: 0.9882, recall: 0.9862, f1: 0.9872
time consumption:0.88(min)
aver_loss: 0.0016, f1: 0.9645, best_f1: 0.9690, best_epoch: 3 

epoch:6/50
start evaluate engines...
class_name: company, precision: 0.9876, recall: 0.9561, f1: 0.9716
class_name: position, precision: 0.9845, recall: 0.8902, f1: 0.9350
class_name: detail, precision: 0.9881, recall: 0.9843, f1: 0.9862
time consumption:0.87(min)
aver_loss: 0.0012, f1: 0.9643, best_f1: 0.9690, best_epoch: 3 

epoch:7/50
start evaluate engines...
class_name: company, precision: 0.9897, recall: 0.9601, f1: 0.9747
class_name: position, precision: 0.9934, recall: 0.8962, f1: 0.9423
class_name: detail, precision: 0.9862, recall: 0.9843, f1: 0.9852
time consumption:0.85(min)
aver_loss: 0.0010, f1: 0.9674, best_f1: 0.9690, best_epoch: 3 

epoch:8/50
start evaluate engines...
class_name: company, precision: 0.9877, recall: 0.9601, f1: 0.9737
class_name: position, precision: 0.9868, recall: 0.8922, f1: 0.9371
class_name: detail, precision: 0.9862, recall: 0.9823, f1: 0.9842
time consumption:0.86(min)
aver_loss: 0.0008, f1: 0.9650, best_f1: 0.9690, best_epoch: 3 

epoch:9/50
start evaluate engines...
class_name: company, precision: 0.9877, recall: 0.9601, f1: 0.9737
class_name: position, precision: 0.9867, recall: 0.8882, f1: 0.9349
class_name: detail, precision: 0.9843, recall: 0.9843, f1: 0.9843
time consumption:0.86(min)
aver_loss: 0.0007, f1: 0.9643, best_f1: 0.9690, best_epoch: 3 

early stopped, no progress obtained within 5 epochs
overall best f1 is 0.9690032214077101 at 3 epoch
total training time consumption: 7.887(min)
